<?xml version="1.0" encoding="UTF-8"?>
<!-- Generated by org.testng.reporters.JUnitReportReporter -->
<testsuite hostname="DESKTOP-PMUR4M5" failures="0" tests="1" name="MyTests.CountHyperlink" time="25.108" errors="0" timestamp="2023-08-26T21:51:47 IST" skipped="0">
  <testcase classname="MyTests.CountHyperlink" name="countHyperLinks" time="25.108"/>
</testsuite> <!-- MyTests.CountHyperlink -->
